<?xml version="1.0" encoding="UTF-8"?>
<!-- Generated by org.testng.reporters.JUnitReportReporter -->
<testsuite skipped="2" hostname="Samis-MBP.byod.gmu.edu" name="com.crm.qa.testcases.LoginPageTest" tests="3" failures="0" timestamp="22 Apr 2018 23:31:01 GMT" time="16.484" errors="0">
  <testcase name="valid_User_login_Test" time="16.484" classname="com.crm.qa.testcases.LoginPageTest"/>
  <testcase name="loginPageTitleTest" classname="com.crm.qa.testcases.LoginPageTest">
    <skipped/>
  </testcase> <!-- loginPageTitleTest -->
  <testcase name="validate_HomePage_LOGO" classname="com.crm.qa.testcases.LoginPageTest">
    <skipped/>
  </testcase> <!-- validate_HomePage_LOGO -->
</testsuite> <!-- com.crm.qa.testcases.LoginPageTest -->
